Internal compiler error (0x%1!8.8x!)Out of memoryWarning treated as errorCompiler option '%1!ls!' must be followed by an argumentMetadata file '%1!ls!' could not be foundUnexpected common language runtime initialization error -- '%1!ls!'Unexpected error reading metadata from file '%2!ls!' -- '%1!ls!'Metadata file '%2!ls!' could not be opened -- '%1!ls!'The base class or interface '%2!ls!' in assembly '%3!ls!' referenced by type '%1!ls!' could not be resolvedThe type '%1!ls!' is defined in an assembly that is not referenced. You must add a reference to assembly '%2!ls!'.Unexpected error writing metadata to file '%2!ls!' -- '%1!ls!'Required file '%1!ls!' could not be foundThe name of type '%1!ls!' is too longCould not write to output file '%2!ls!' -- '%1!ls!'Program '%2!ls!' has more than one entry point defined: '%1!ls!'Operator '%1!ls!' is not yet implementedOperator '%1!ls!' cannot be applied to operands of type '%2!ls!' and '%3!ls!'Division by constant zeroCannot apply indexing with [] to an expression of type '%1!ls!'Wrong number of indices inside [], expected '%1!d!'Operator '%1!ls!' cannot be applied to operand of type '%2!ls!'Standard library file '%1!ls!' could not be foundKeyword 'this' is not valid in a static property, static method, or static field initializerKeyword 'this' is not available in the current context'%1!ls!' has the wrong signature to be an entry pointCannot implicitly convert type '%1!ls!' to '%2!ls!'Cannot convert type '%1!ls!' to '%2!ls!'Constant value '%1!ls!' cannot be converted to a '%2!ls!'Operator '%1!ls!' is ambiguous on operands of type '%2!ls!' and '%3!ls!'Operator '%1!ls!' is ambiguous on an operand of type '%2!ls!'An out parameter cannot have the In attributeCannot convert null to '%1!ls!' because it is a value typeCannot access a nonstatic member of outer type '%1!ls!' via nested type '%2!ls!'Cannot convert type '%1!ls!' to '%2!ls!' via a built-in conversionUnexpected debug information initialization error -- '%1!ls!'Unexpected error writing debug information to file '%2!ls!' -- '%1!ls!'Unexpected error creating debug information file '%1!ls!' -- '%2!ls!'PDB file '%1!ls!' has an incorrect or out-of-date format. Delete it and rebuild.Inconsistent accessibility: return type '%2!ls!' is less accessible than method '%1!ls!'Inconsistent accessibility: parameter type '%2!ls!' is less accessible than method '%1!ls!'Inconsistent accessibility: field type '%2!ls!' is less accessible than field '%1!ls!'Inconsistent accessibility: property type '%2!ls!' is less accessible than property '%1!ls!'Inconsistent accessibility: indexer return type '%2!ls!' is less accessible than indexer '%1!ls!'Inconsistent accessibility: parameter type '%2!ls!' is less accessible than indexer '%1!ls!'Inconsistent accessibility: return type '%2!ls!' is less accessible than operator '%1!ls!'Inconsistent accessibility: parameter type '%2!ls!' is less accessible than operator '%1!ls!'Inconsistent accessibility: return type '%2!ls!' is less accessible than delegate '%1!ls!'Inconsistent accessibility: parameter type '%2!ls!' is less accessible than delegate '%1!ls!'Inconsistent accessibility: base class '%2!ls!' is less accessible than class '%1!ls!'Inconsistent accessibility: base interface '%2!ls!' is less accessible than interface '%1!ls!''%1!ls!': event property must have both add and remove accessors'%1!ls!': event must be of a delegate typeThe event '%1!ls!' is never used'%1!ls!': event in interface cannot have initializerAn event in an interface cannot have add or remove accessorsThe event '%1!ls!' can only appear on the left hand side of += or -= (except when used from within the type '%2!ls!')An explicit interface implementation of an event must use property syntax'%1!ls!': cannot override; '%2!ls!' is not an eventAn add or remove accessor must have a body'%1!ls!': abstract event cannot have initializerTo cast a negative value, you must enclose the value in parenthesesThe enumerator name '%1!ls!' is reserved and cannot be usedThe as operator must be used with a reference type ('%1!ls!' is a value type)The 'l' suffix is easily confused with the digit '1' -- use 'L' for clarityThe event '%1!ls!' can only appear on the left hand side of += or -=Constraints are not allowed on non-generic declarationsType parameter declaration must be an identifier not a typeThe parameter name '%1!ls!' is a duplicateThe namespace '%2!ls!' already contains a definition for '%1!ls!'The type '%2!ls!' already contains a definition for '%1!ls!'The name '%1!ls!' does not exist in the current context'%1!ls!' is an ambiguous reference between '%2!ls!' and '%3!ls!'The using directive for '%1!ls!' appeared previously in this namespaceThe modifier '%1!ls!' is not valid for this itemMore than one protection modifier'%1!ls!' hides inherited member '%2!ls!'. Use the new keyword if hiding was intended.The member '%1!ls!' does not hide an inherited member. The new keyword is not required.The evaluation of the constant value for '%1!ls!' involves a circular definitionType '%2!ls!' already defines a member called '%1!ls!' with the same parameter typesA static member '%1!ls!' cannot be marked as override, virtual, or abstractA member '%1!ls!' marked as override cannot be marked as new or virtual'%1!ls!' hides inherited member '%2!ls!'. To make the current member override that implementation, add the override keyword. Otherwise add the new keyword.'%1!ls!': no suitable method found to overrideA namespace does not directly contain members such as fields or methods'%1!ls!' does not contain a definition for '%2!ls!''%1!ls!' is a '%2!ls!' but is used like a '%3!ls!''%1!ls!' is a '%2!ls!', which is not valid in the given contextAn object reference is required for the nonstatic field, method, or property '%1!ls!'The call is ambiguous between the following methods or properties: '%1!ls!' and '%2!ls!''%1!ls!' is inaccessible due to its protection levelNo overload for '%1!ls!' matches delegate '%2!ls!'An object of a type convertible to '%1!ls!' is requiredSince '%1!ls!' returns void, a return keyword must not be followed by an object expressionA local variable named '%1!ls!' is already defined in this scopeThe left-hand side of an assignment must be a variable, property or indexer'%1!ls!': a static constructor must be parameterlessThe expression being assigned to '%1!ls!' must be constant'%1!ls!' is of type '%2!ls!.' A const of reference type other than string can only be initialized with null'%2!ls!' conflicts with the declaration '%1!ls!'A local variable named '%1!ls!' cannot be declared in this scope because it would give a different meaning to '%1!ls!', which is already used in a '%2!ls!' scope to denote something elseA using namespace directive can only be applied to namespaces; '%1!ls!' is a type not a namespaceNo enclosing loop out of which to break or continueThe label '%1!ls!' is a duplicateThe feature you are attempting to use, '%1!ls!', has not been implemented. Please refrain from using it until a later time.The type '%1!ls!' has no constructors definedCannot create an instance of the abstract class or interface '%1!ls!'A const field requires a value to be providedCircular base class dependency involving '%1!ls!' and '%2!ls!'The delegate '%1!ls!' does not have a valid constructorMethod name expectedA constant value is expectedA value of an integral type expectedThe label '%1!ls!' already occurs in this switch statementA goto case is only valid inside a switch statementThe property or indexer '%1!ls!' cannot be used in this context because it lacks the get accessorThe type caught or thrown must be derived from System.ExceptionA throw statement with no arguments is not allowed outside of a catch clauseControl cannot leave the body of a finally clauseThe label '%1!ls!' shadows another label by the same name in a contained scopeNo such label '%1!ls!' within the scope of the goto statementA previous catch clause already catches all exceptions of this or of a super type ('%1!ls!')'%1!ls!': not all code paths return a valueUnreachable code detectedControl cannot fall through from one case label ('%1!ls!') to anotherThis label has not been referencedUse of unassigned local variable '%1!ls!'Control cannot fall through from one case label to another ('%1!ls!')The delegate '%1!ls!' is missing the Invoke methodThe variable '%1!ls!' is declared but never usedThe private field '%1!ls!' is never usedUse of possibly unassigned field '%1!ls!'Field '%1!ls!' must be fully assigned before control leaves the constructorType of conditional expression cannot be determined because '%1!ls!' and '%2!ls!' implicitly convert to one anotherType of conditional expression cannot be determined because there is no implicit conversion between '%1!ls!' and '%2!ls!'A base class is required for a 'base' referenceUse of keyword 'base' is not valid in this contextStatic member '%1!ls!' cannot be accessed with an instance reference; qualify it with a type name insteadThe out parameter '%1!ls!' must be assigned to before control leaves the current methodInvalid rank specifier: expected ',' or ']''%1!ls!' cannot be extern and declare a body'%1!ls!' cannot be both extern and abstractAn attribute argument must be a constant expression, typeof expression or array creation expressionThe given expression is always of the provided ('%1!ls!') typeThe given expression is never of the provided ('%1!ls!') type'%1!ls!' is not a reference type as required by the lock statementUse of null is not valid in this contextThe 'this' object cannot be used before all of its fields are assigned toThe feature you are attempting to use, '%1!ls!', may not be fully implemented by the compiler and/or runtime. Proceed at your own risk.The __arglist construct is valid only within a variable argument methodA readonly field cannot be assigned to (except in a constructor or a variable initializer)A readonly field cannot be passed ref or out (except in a constructor)The * or -> operator must be applied to a pointerA pointer must be indexed by only one valuePassing '%1!ls!' as ref or out or taking its address may cause a runtime exception because it is a field of a marshal-by-reference classA static readonly field cannot be assigned to (except in a static constructor or a variable initializer)A static readonly field cannot be passed ref or out (except in a static constructor)Property or indexer '%1!ls!' cannot be assigned to -- it is read onlyOnly assignment, call, increment, decrement, and new object expressions can be used as a statementforeach requires that the return type '%1!ls!' of '%2!ls!' must have a suitable public MoveNext method and public Current propertyOnly 65535 locals are allowedCannot call an abstract base member: '%1!ls!'A property or indexer may not be passed as an out or ref parameterCannot take the address of, get the size of, or declare a pointer to a managed type ('%1!ls!')The type of locals declared in a fixed statement must be a pointer typeYou must provide an initializer in a fixed or using statement declarationCannot take the address of the given expressionYou can only take the address of an unfixed expression inside of a fixed statement initializerYou cannot use the fixed statement to take the address of an already fixed expressionPointers and fixed size buffers may only be used in an unsafe contextThe return type of operator True or False must be boolThe operator '%1!ls!' requires a matching operator '%2!ls!' to also be definedIn order to be applicable as a short circuit operator a user-defined logical operator ('%1!ls!') must have the same return type as the type of its 2 parametersThe type ('%1!ls!') must contain declarations of operator true and operator falseThe variable '%1!ls!' is assigned but its value is never usedThe operation overflows at compile time in checked modeConstant value '%1!ls!' cannot be converted to a '%2!ls!' (use 'unchecked' syntax to override)A method with vararg cannot be generic, be in a generic type, or have a params parameterThe params parameter must be a single dimensional arrayAn __arglist expression may only appear inside of a call or new expressionUnsafe code may only appear if compiling with /unsafe'%1!ls!' does not contain a definition for '%2!ls!', or it is not accessibleAmbiguity between '%1!ls!' and '%2!ls!'Type and identifier are both required in a foreach statementA params parameter must be the last parameter in a formal parameter list'%1!ls!' does not have a predefined size, therefore sizeof can only be used in an unsafe context (consider using System.Runtime.InteropServices.Marshal.SizeOf)The type or namespace name '%1!ls!' does not exist in the namespace '%2!ls!' (are you missing an assembly reference?)A field initializer cannot reference the nonstatic field, method, or property '%1!ls!''%1!ls!' cannot be sealed because it is not an override'%1!ls!': cannot override inherited member '%2!ls!' because it is sealed'%1!ls!' cannot be both abstract and sealedDefault parameter specifiers are not permittedThe operation in question is undefined on void pointersThe Conditional attribute is not valid on '%1!ls!' because it is an override methodNeither "is" nor "as" are valid on pointer typesDestructors and object.Finalize cannot be called directly. Consider calling IDisposable.Dispose if available.The type or namespace name '%1!ls!' could not be found (are you missing a using directive or an assembly reference?)Cannot use a negative size with stackallocCannot create an array with a negative sizeDo not override object.Finalize. Instead, provide a destructor.Do not directly call your base class Finalize method. It is called automatically from your destructor.Indexing an array with a negative index (array indices always start at zero)Possible unintended reference comparison; to get a value comparison, cast the left hand side to type '%1!ls!'Possible unintended reference comparison; to get a value comparison, cast the right hand side to type '%1!ls!'The right hand side of a fixed statement assignment may not be a cast expressionstackalloc may not be used in a catch or finally blockAn __arglist parameter must be the last parameter in a formal parameter listMissing partial modifier on declaration of type '%1!ls!'; another partial declaration of this type existsPartial declarations of '%1!ls!' must be all classes, all structs, or all interfacesPartial declarations of '%1!ls!' have conflicting accessibility modifiersPartial declarations of '%1!ls!' must not specify different base classesPartial declarations of '%1!ls!' must have the same type parameter names in the same orderPartial declarations of '%1!ls!' have inconsistent constraints for type parameter '%2!ls!'Cannot implicitly convert type '%1!ls!' to '%2!ls!'. An explicit conversion exists (are you missing a cast?)The partial modifier can only appear immediately before 'class', 'struct', or 'interface'Imported type '%1!ls!' is invalid. It contains a circular base class dependency.Use of unassigned out parameter '%1!ls!'Array size cannot be specified in a variable declaration (try initializing with a 'new' expression)The property or indexer '%1!ls!' cannot be used in this context because the get accessor is inaccessibleThe property or indexer '%1!ls!' cannot be used in this context because the set accessor is inaccessibleThe accessibility modifier of the '%1!ls!' accessor must be more restrictive than the property or indexer '%2!ls!'Cannot specify accessibility modifiers for both accessors of the property or indexer '%1!ls!''%1!ls!': accessibility modifiers may not be used on accessors in an interface'%1!ls!': accessibility modifiers on accessors may only be used if the property or indexer has both a get and a set accessor'%1!ls!' does not implement interface member '%2!ls!'. '%3!ls!' is not public.'%1!ls!' does not implement the '%2!ls!' pattern. '%3!ls!' is ambiguous with '%4!ls!'.'%1!ls!' does not implement the '%2!ls!' pattern. '%3!ls!' is either static or not public.'%1!ls!' does not implement the '%2!ls!' pattern. '%3!ls!' has the wrong signature.Friend access was granted to '%1!ls!', but the output assembly is named '%2!ls!'. Try adding a reference to '%1!ls!' or changing the output assembly name to match.There is no defined ordering between fields in multiple declarations of partial class or struct '%1!ls!'. To specify an ordering, all instance fields must be in the same declaration.The type '%1!ls!' cannot be declared constCannot create an instance of the variable type '%1!ls!' because it does not have the new() constraintUsing the generic %2!ls! '%1!ls!' requires '%3!d!' type argumentsThe type '%1!ls!' may not be used as a type argumentThe %2!ls! '%1!ls!' cannot be used with type argumentsThe non-generic %2!ls! '%1!ls!' cannot be used with type argumentsThe type '%4!ls!' must be convertible to '%2!ls!' in order to use it as parameter '%3!ls!' in the generic type or method '%1!ls!'The type '%3!ls!' must have a public parameterless constructor in order to use it as parameter '%2!ls!' in the generic type or method '%1!ls!'The type or namespace name '%1!ls!' could not be found in the global namespace (are you missing an assembly reference?)The new() constraint must be the last constraint specified'%1!ls!': an entry point cannot be generic or in a generic typeCannot convert null to type parameter '%1!ls!' because it could be a value type. Consider using 'default(%1!ls!)' instead.'<' unexpected : attributes cannot be genericDuplicate constraint '%1!ls!' for type parameter '%2!ls!'The class type constraint '%1!ls!' must come before any other constraints'%2!ls! %1!ls!' has the wrong return typeA constraint clause has already been specified for type parameter '%1!ls!'. All of the constraints for a type parameter must be specified in a single where clause.No overload for '%1!ls!' has the correct parameter and return typesThe type arguments for method '%1!ls!' cannot be inferred from the usage. Try specifying the type arguments explicitly.'%1!ls!': a parameter or local variable cannot have the same name as a method type parameterThe type parameter '%1!ls!' cannot be used with the 'as' operator because it does not have a class type constraint nor a 'class' constraintThe private field '%1!ls!' is assigned but its value is never usedThe '%1!ls!' attribute is valid only on an indexer that is not an explicit interface member declaration'%1!ls!': an attribute argument cannot use type parameters'%1!ls!': cannot provide arguments when creating an instance of a variable type'%1!ls!': an abstract class cannot be sealed or staticAmbiguous reference in cref attribute: '%1!ls!'. Assuming '%2!ls!', but could have also matched other overloads including '%3!ls!'.'%1!ls!': a reference to a volatile field will not be treated as volatileThe /incremental option is no longer supportedSince '%2!ls!' has the ComImport attribute, '%1!ls!' must be extern or abstract'%1!ls!': a class with the ComImport attribute cannot specify a base classThe constraints for type parameter '%1!ls!' of method '%2!ls!' must match the constraints for type parameter '%3!ls!' of interface method '%4!ls!'. Consider using an explicit interface implementation instead.The type name '%1!ls!' does not exist in the type '%2!ls!'Cannot convert method group '%1!ls!' to non-delegate type '%2!ls!'. Did you intend to invoke the method?Unreachable expression code detectedThe extern alias '%1!ls!' was not specified in a /reference optionCannot use alias '%1!ls!' with '::' since the alias references a type. Use '.' instead.Alias '%1!ls!' not foundThe type '%2!ls!' exists in both '%1!ls!' and '%3!ls!'The namespace '%2!ls!' in '%1!ls!' conflicts with the type '%4!ls!' in '%3!ls!'The namespace '%2!ls!' in '%1!ls!' conflicts with the imported type '%4!ls!' in '%3!ls!'. Using the namespace.The type '%2!ls!' in '%1!ls!' conflicts with the imported type '%4!ls!' in '%3!ls!'. Using the one in '%1!ls!'.The type '%2!ls!' in '%1!ls!' conflicts with the imported namespace '%4!ls!' in '%3!ls!'. Using the type.The type '%2!ls!' in '%1!ls!' conflicts with the namespace '%4!ls!' in '%3!ls!'.An extern alias declaration must precede all other namespace elementsDefining an alias named 'global' is ill-advised since 'global::' always references the global namespace and not an alias'%1!ls!': a class cannot be both static and sealed'%1!ls!': abstract properties cannot have private accessorsSyntax error, value expectedPredefined type '%1!ls!' was not found in '%2!ls!' but was found in '%3!ls!'Cannot modify the result of an unboxing conversionForeach cannot operate on a '%1!ls!'. Did you intend to invoke the '%1!ls!'?Attributes cannot be used on type arguments, only on type parametersThe return type for ++ or -- operator must be the containing type or derived from the containing typeThe 'class' or 'struct' constraint must come before any other constraints'%1!ls!': cannot specify both a constraint class and the 'class' or 'struct' constraintThe 'new()' constraint cannot be used with the 'struct' constraintThe type '%3!ls!' must be a reference type in order to use it as parameter '%2!ls!' in the generic type or method '%1!ls!'The type '%3!ls!' must be a non-nullable value type in order to use it as parameter '%2!ls!' in the generic type or method '%1!ls!'Circular constraint dependency involving '%1!ls!' and '%2!ls!'Type parameter '%1!ls!' inherits conflicting constraints '%2!ls!' and '%3!ls!'Type parameter '%2!ls!' has the 'struct' constraint so '%2!ls!' cannot be used as a constraint for '%1!ls!'Ambiguous user defined conversions '%1!ls!' and '%2!ls!' when converting from '%3!ls!' to '%4!ls!'The result of the expression is always 'null' of type '%1!ls!'Cannot take the address of a read-only local variableConstraints for override and explicit interface implementation methods are inherited from the base method, so they cannot be specified directlyThe inherited members '%1!ls!' and '%2!ls!' have the same signature in type '%3!ls!', so they cannot be overriddenEvaluation of the decimal constant expression failed with error: '%1!ls!'Comparing with null of type '%1!ls!' always produces 'false'Introducing a 'Finalize' method can interfere with destructor invocation. Did you intend to declare a destructor?'%1!ls!' should not have a params parameter since '%2!ls!' does notAmbiguity between method '%1!ls!' and non-method '%2!ls!'. Using method group.Ambiguity between %1!ls! '%2!ls!' and %3!ls! '%4!ls!'The 'goto case' value is not implicitly convertible to type '%1!ls!'Method '%1!ls!' cannot implement interface accessor '%2!ls!' for type '%3!ls!'. Use an explicit interface implementation.The %2!ls! '%1!ls!' is not a generic method. If you intended an expression list, use parentheses around the < expression.The result of the expression is always '%1!ls!' since a value of type '%2!ls!' is never equal to 'null' of type '%3!ls!''%1!ls!' cannot declare a body because it is marked abstract'%1!ls!' must declare a body because it is not marked abstract or extern'%1!ls!' cannot be both abstract and sealedThe abstract method '%1!ls!' cannot be marked virtualThe constant '%1!ls!' cannot be marked static'%1!ls!': cannot override because '%2!ls!' is not a function'%1!ls!': cannot override inherited member '%2!ls!' because it is not marked virtual, abstract, or override'%1!ls!': cannot change access modifiers when overriding '%2!ls!' inherited member '%3!ls!''%1!ls!': return type must be '%3!ls!' to match overridden member '%2!ls!''%1!ls!': cannot derive from sealed type '%2!ls!''%1!ls!' is abstract but it is contained in nonabstract class '%2!ls!''%1!ls!': static constructor cannot have an explicit 'this' or 'base' constructor call'%1!ls!': access modifiers are not allowed on static constructorsConstructor '%1!ls!' cannot call itself'%1!ls!' has no base class and cannot call a base constructorPredefined type '%1!ls!' is not defined or importedPredefined type '%1!ls!' is declared incorrectly'%1!ls!': structs cannot call base class constructorsStruct member '%1!ls!' of type '%2!ls!' causes a cycle in the struct layout'%1!ls!': interfaces cannot declare typesInterfaces cannot contain fieldsInterfaces cannot contain constructorsType '%1!ls!' in interface list is not an interface'%1!ls!' is already listed in interface listInherited interface '%2!ls!' causes a cycle in the interface hierarchy of '%1!ls!''%1!ls!': interface members cannot have a definition'%1!ls!' hides inherited abstract member '%2!ls!''%1!ls!' does not implement inherited abstract member '%2!ls!''%1!ls!' does not implement interface member '%2!ls!''%1!ls!' does not implement interface member '%2!ls!'. '%3!ls!' is either static, not public, or has the wrong return type.The class System.Object cannot have a base class or implement an interface'%1!ls!' in explicit interface declaration is not an interface'%1!ls!' in explicit interface declaration is not a member of interface'%1!ls!': containing type does not implement interface '%2!ls!''%1!ls!': explicit interface declaration can only be declared in a class or struct'%1!ls!': member names cannot be the same as their enclosing type'%1!ls!': the enumerator value is too large to fit in its type'%1!ls!': cannot override because '%2!ls!' is not a property'%1!ls!': cannot override because '%2!ls!' does not have an overridable get accessor'%1!ls!': cannot override because '%2!ls!' does not have an overridable set accessor'%1!ls!': property or indexer cannot have void type'%1!ls!': property or indexer must have at least one accessor'%1!ls!' is a new virtual member in sealed class '%2!ls!''%1!ls!' adds an accessor not found in interface member '%2!ls!'Explicit interface implementation '%1!ls!' is missing accessor '%2!ls!''%1!ls!': user-defined conversion to/from interface'%1!ls!': user-defined conversion to/from base class'%1!ls!': user-defined conversion to/from derived classUser-defined operator cannot take an object of the enclosing type and convert to an object of the enclosing typeUser-defined conversion must convert to or from the enclosing typeDuplicate user-defined conversion in type '%1!ls!'User-defined operator '%1!ls!' must be declared static and publicThe parameter type for ++ or -- operator must be the containing typeThe parameter of a unary operator must be the containing typeOne of the parameters of a binary operator must be the containing typeOverloaded shift operator must have the type of the first operand be the containing type, and the type of the second operand must be intInterfaces cannot contain operatorsStructs cannot contain explicit parameterless constructors'%1!ls!': cannot override '%2!ls!' because it is not supported by the language'%1!ls!' is not supported by the language'%1!ls!': cannot explicitly call operator or accessor'%1!ls!': cannot reference a type through an expression; try '%2!ls!' instead'%1!ls!': cannot have instance field initializers in structsName of destructor must match name of classOnly class types can contain destructorsNamespace '%2!ls!' contains a definition conflicting with alias '%1!ls!'The Conditional attribute is not valid on '%1!ls!' because it is a constructor, destructor, operator, or explicit interface implementationThe Conditional attribute is not valid on '%1!ls!' because its return type is not voidDuplicate '%1!ls!' attributeThe Conditional attribute is not valid on interface membersInternal Compiler Error (0x%1!8.8x! at address %3!p!): likely culprit is '%2!ls!'.

An internal error has occurred in the compiler. To work around this problem, try simplifying or changing the program near the locations listed below. Locations at the top of the list are closer to the point at which the internal error occurred. Errors such as this can be reported to Microsoft by using the /errorreport option.
 Internal Compiler Error: stage '%2!ls!' symbol '%1!ls!'Internal Compiler Error: stage '%1!ls!'Internal Compiler Error: stage '%1!ls!'Internal Compiler Error: stage '%1!ls!'Internal Compiler Error: stage 'LEX'Internal Compiler Error: stage 'PARSE'User-defined operators cannot return voidInvalid value for argument to '%1!ls!' attributeAttribute '%1!ls!' is not valid on this declaration type. It is valid on '%2!ls!' declarations only.Floating-point constant is outside the range of type '%1!ls!'The Guid attribute must be specified with the ComImport attributeInvalid value for named attribute argument '%1!ls!'The DllImport attribute must be specified on a method marked 'static' and 'extern'The feature '%1!ls!' is deprecated. Please use '%2!ls!' instead'.Cannot set the IndexerName attribute on an indexer marked overrideField or property cannot be of type '%1!ls!'Array elements cannot be of type '%1!ls!''%1!ls!' is obsolete'%1!ls!' is not an attribute class'%1!ls!' is not a valid named attribute argument. Named attribute arguments must be fields which are not readonly, static, or const, or read-write properties which are public and not static.'%1!ls!' is obsolete: '%2!ls!'Indexers cannot have void type'%1!ls!': virtual or abstract members cannot be privateCan only use array initializer expressions to assign to array types. Try using a new expression instead.Array initializers can only be used in a variable or field initializer. Try using a new expression instead.'%1!ls!': instance field types marked with StructLayout(LayoutKind.Explicit) must have a FieldOffset attributeMethod, operator, or accessor '%1!ls!' is marked external and has no attributes on it. Consider adding a DllImport attribute to specify the external implementation.'%1!ls!': new protected member declared in sealed classConditional member '%1!ls!' cannot implement interface member '%2!ls!' in type '%3!ls!'ref and out are not valid in this contextThe argument to the '%1!ls!' attribute must be a valid identifier'%1!ls!': argument only valid for marshal of type System.Interop.UnmanagedType.CustomMarshaller'%1!ls!': System.Interop.UnmanagedType.CustomMarshaller requires named arguments ComType and MarshalThe FieldOffset attribute can only be placed on members of types marked with the StructLayout(LayoutKind.Explicit)The FieldOffset attribute is not allowed on static or const fieldsAttribute '%1!ls!' is only valid on classes derived from System.AttributePossible mistaken empty statement'%1!ls!' duplicate named attribute argument'%1!ls!' cannot derive from special class '%2!ls!'Identifier too longCannot specify the DefaultMember attribute on a type containing an indexerError emitting '%2!ls!' attribute -- '%1!ls!''%1!ls!' is a type not supported by the languageField '%1!ls!' is never assigned to, and will always have its default value %2!ls!Syntax error, bad array declarator. To declare a managed array the rank specifier precedes the variable's identifier. To declare a fixed size buffer field, use the fixed keyword before the field type.Comparison to integral constant is useless; the constant is outside the range of type '%1!ls!'Cannot apply attribute class '%1!ls!' because it is abstract'%1!ls!' is not a valid named attribute argument because it is not a valid attribute parameter typeMissing compiler required member '%1!ls!.%2!ls!''%1!ls!' is not a valid attribute location for this declaration. Valid attribute locations for this declaration are '%2!ls!'. All attributes in this block will be ignored.'%1!ls!' is not a recognized attribute location. All attributes in this block will be ignored.'%1!ls!' overrides Object.Equals(object o) but does not override Object.GetHashCode()'%1!ls!' defines operator == or operator != but does not override Object.Equals(object o)'%1!ls!' defines operator == or operator != but does not override Object.GetHashCode()'%1!ls!' cannot specify only Out attribute on a ref parameter. Use both In and Out attributes, or neither.'%1!ls!' cannot define overloaded methods that differ only on ref and outLiteral of type double cannot be implicitly converted to type '%2!ls!'; use an '%1!ls!' suffix to create a literal of this typeAssignment in conditional expression is always constant; did you mean to use == instead of = ?'%1!ls!': new protected member declared in structTwo indexers have different names; the IndexerName attribute must be used with the same name on every indexer within a typeA class with the ComImport attribute cannot have a user-defined constructorField cannot have void typeMember '%1!ls!' overrides obsolete member '%2!ls!'. Add the Obsolete attribute to '%1!ls!'.System.Void cannot be used from C# -- use typeof(void) to get the void type object.Do not use 'System.ParamArrayAttribute'. Use the 'params' keyword instead.Bitwise-or operator used on a sign-extended operand; consider casting to a smaller unsigned type first'%1!ls!': a volatile field cannot be of the type '%2!ls!''%1!ls!': a field cannot be both volatile and readonlyOther languages may permit the internal virtual member '%1!ls!' to be overriddenThe modifier 'abstract' is not valid on fields. Try using a property instead.'%1!ls!' cannot implement '%2!ls!' because it is not supported by the language'%1!ls!' explicit method implementation cannot implement '%2!ls!' because it is an accessor'%1!ls!' interface marked with 'CoClassAttribute' not marked with 'ComImportAttribute'Conditional member '%1!ls!' cannot have an out parameterAccessor '%1!ls!' cannot implement interface member '%2!ls!' for type '%3!ls!'. Use an explicit interface implementation.The namespace alias qualifier '::' always resolves to a type or namespace so is illegal here. Consider using '.' instead.'%1!ls!' has a link demand, but overrides or implements '%2!ls!' which does not have a link demand. A security hole may exist.Cannot derive from '%1!ls!' because it is a type parameterInput file '%1!ls!' contains invalid metadata.Duplicate type parameter '%1!ls!'Type parameter '%1!ls!' has the same name as the type parameter from outer type '%2!ls!'Type parameter '%1!ls!' has the same name as the containing type, or method'%1!ls!' cannot implement both '%2!ls!' and '%3!ls!' because they may unify for some type parameter substitutionsA generic type cannot derive from '%1!ls!' because it is an attribute class'%2!ls!' does not define type parameter '%1!ls!''%1!ls!' is not a valid constraint. A type used as a constraint must be an interface, a non-sealed class or a type parameter.Constraint cannot be special class '%1!ls!'Inconsistent accessibility: constraint type '%2!ls!' is less accessible than '%1!ls!'Cannot do member lookup in '%1!ls!' because it is a type parameterInvalid constraint type. A type used as a constraint must be an interface, a non-sealed class or a type parameter.'%1!ls!': cannot declare instance members in a static class'%2!ls!': cannot derive from static class '%1!ls!'Static classes cannot have instance constructorsStatic classes cannot contain destructorsCannot create an instance of the static class '%1!ls!'Static class '%1!ls!' cannot derive from type '%2!ls!'. Static classes must derive from object.'%1!ls!': static classes cannot implement interfaces'%1!ls!': static classes cannot contain user-defined operatorsCannot convert to static type '%1!ls!''%1!ls!': static classes cannot be used as constraints'%1!ls!': static types cannot be used as generic arguments'%1!ls!': array elements cannot be of static type'%1!ls!': cannot declare indexers in a static class'%1!ls!': static types cannot be used as parameters'%1!ls!': static types cannot be used as return typesCannot declare variable of static type '%1!ls!'A throw statement with no arguments is not allowed inside of a finally clause nested inside of the innermost catch clausePossibly incorrect assignment to local '%1!ls!' which is the argument to a using or lock statement. The Dispose call or unlocking will happen on the original value of the local.Type '%1!ls!' is defined in this assembly, but a type forwarder is specified for itCannot forward type '%1!ls!' because it is a nested type of '%2!ls!'The type forwarder for type '%1!ls!' in assembly '%2!ls!' causes a cycleCannot forward generic type, '%1!ls!'The /moduleassemblyname option may only be specified when building a target type of 'module'Invalid type specified as an argument for TypeForwardedTo attributeIdentifier expected; expectedSyntax error, '%1!ls!' expectedDuplicate '%1!ls!' modifierProperty accessor already definedType byte, sbyte, short, ushort, int, uint, long, or ulong expectedUnrecognized escape sequenceNewline in constantEmpty character literalToo many characters in character literalInvalid numberA get or set accessor expectedAn object, string, or class type expectedNamed attribute argument expectedTry statement already has an empty catch blockKeyword 'this' or 'base' expectedOverloadable unary operator expectedOverloadable binary operator expectedIntegral constant is too largeType or namespace definition, or end-of-file expectedEmbedded statement cannot be a declaration or labeled statementPreprocessor directive expectedSingle-line comment or end-of-line expected) expected#endif directive expectedUnexpected preprocessor directive#error: '%1!ls!'#warning: '%1!ls!'Type expectedCannot define/undefine preprocessor symbols after first token in fileCompiler limit exceeded: File cannot exceed %1!d! linesCompiler limit exceeded: Line cannot exceed %1!d! charactersEnd-of-file found, '*/' expected( or . expectedOverloadable operator expected#endregion directive expectedUnterminated string literalPreprocessor directives must appear as the first non-whitespace character on a lineIdentifier expected, '%2!ls!' is a keyword{ or ; expectedCannot use more than one type in a for, using, fixed, or declaration statementAn add or remove accessor expectedUnexpected character '%1!ls!''%1!ls!': static classes cannot contain protected membersA previous catch clause already catches all exceptions. All non-exceptions thrown will be wrapped in a System.Runtime.CompilerServices.RuntimeWrappedExceptionNo overload for method '%1!ls!' takes '%2!d!' argumentsThe best overloaded method match for '%1!ls!' has some invalid argumentsArgument '%1!d!': cannot convert from '%2!ls!' to '%3!ls!'Source file '%1!ls!' could not be opened ('%2!ls!')Cannot link resource file '%1!ls!' when building a moduleResource identifier '%1!ls!' has already been used in this assemblyReferenced file '%1!ls!' is not an assembly; use '/addmodule' option insteadA ref or out argument must be an assignable variableKeyword 'base' is not available in a static methodKeyword 'base' is not available in the current context} expected{ expected'in' expectedInvalid preprocessor expressionExpected class, delegate, enum, interface, or structInvalid token '%1!ls!' in class, struct, or interface member declarationClass, struct, or interface method must have a return typeInvalid base typeEmpty switch blockExpected catch or finallyInvalid expression term '%1!ls!'A new expression requires () or [] after typeNamespace elements cannot be explicitly declared as private, protected, or protected internalExpected ; or = (cannot specify constructor arguments in declaration)A using clause must precede all other namespace elements except extern alias declarationsKeyword new not allowed on namespace elementsInvoke cannot be called directly on a delegateOverloaded binary operator '%1!ls!' takes two parametersOverloaded unary operator '%1!ls!' takes one parameterInvalid parameter type 'void'The using alias '%1!ls!' appeared previously in this namespaceCannot access protected member '%1!ls!' via a qualifier of type '%2!ls!'; the qualifier must be of type '%3!ls!' (or derived from it)Invalid reference option: '%1!ls!' -- cannot reference directories'%1!ls!' cannot be added to this assembly because it already is an assembly; use '/R' option insteadAdded module '%1!ls!' has unresolved reference to type '%2!ls!'Added module '%2!ls!' references module '%1!ls!' which was not addedProperty, indexer, or event '%1!ls!' is not supported by the language; try directly calling accessor methods '%2!ls!' or '%3!ls!'Property, indexer, or event '%1!ls!' is not supported by the language; try directly calling accessor method '%2!ls!'Keyword 'void' cannot be used in this contextCryptographic failure while signing assembly '%2!ls!' -- '%1!ls!'Appropriate cryptographic service not foundIndexers must have at least one parameterArray type specifier, [], must appear before parameter nameDeclaration is not valid; use '%1!ls! operator <dest-type> (...' insteadDeclaration is not valid; use '<type> operator %1!ls! (...' insteadCould not find '%1!ls!' specified for Main method'%1!ls!' specified for Main method must be a valid class or structCannot use '%1!ls!' for Main method because it is in a different output file'%1!ls!' does not have a suitable static Main methodCannot use '%1!ls!' for Main method because it is importedInvalid filename specified for preprocessor directive. Filename is too long or not a valid filename.Output filename is too long or invalidOutputs without source must have the /out option specifiedOutput '%1!ls!' does not have any source filesMethod or delegate cannot return type '%1!ls!'Conflicting options specified: Win32 resource file; Win32 iconError reading resource file '%1!ls!' -- '%2!ls!'Error generating Win32 resource: %1!ls!Error generating XML documentation file '%1!ls!' ('%2!ls!')XML comment on '%2!ls!' has badly formed XML -- '%1!ls!'XML comment on '%2!ls!' has a duplicate param tag for '%1!ls!'XML comment on '%2!ls!' has a param tag for '%1!ls!', but there is no parameter by that nameParameter '%1!ls!' has no matching param tag in the XML comment for '%2!ls!' (but other parameters do)XML comment on '%2!ls!' has cref attribute '%1!ls!' that could not be resolvedA stackalloc expression requires [] after typeThe line number specified for #line directive is missing or invalidAssembly generation failed -- %1!ls!Filename, single-line comment or end-of-line expectedforeach statement cannot operate on variables of type '%1!ls!' because '%2!ls!' does not contain a public definition for '%3!ls!'Invalid type for parameter '%1!d!' in XML comment cref attribute: '%2!ls!'Invalid return type in XML comment cref attribute'%1!ls!' is not a valid Win32 resource fileXML comment on '%2!ls!' has syntactically incorrect cref attribute '%1!ls!'Member modifier '%1!ls!' must precede the member type and nameArray creation must have array size or array initializerXML comment is not placed on a valid language elementCannot determine common language runtime directory -- '%1!ls!'Unable to include XML fragment '%2!ls!' of file '%1!ls!' -- %3!ls!Invalid XML include element -- %1!ls!Missing XML comment for publicly visible type or member '%1!ls!'Badly formed XML in included comments file -- '%1!ls!'Delegate '%1!ls!' does not take '%2!d!' argumentsDelegate '%1!ls!' has some invalid argumentsXML parser could not be loaded for the following reason: '%2!ls!'. The XML documentation file '%1!ls!' will not be generated.Semicolon after method or accessor block is not validCompilation cancelled by userMethod or delegate parameter cannot be of type '%1!ls!'Cannot assign to '%1!ls!' because it is read-onlyCannot pass '%1!ls!' as a ref or out argument because it is read-onlyAssembly signing failed; output may not be signed -- %1!ls!Assembly generation -- %1!ls!The Required attribute is not permitted on C# typesModifiers cannot be placed on event accessor declarationsUnable to delete temporary file '%1!ls!' used for default Win32 resource -- %2!ls!The params parameter cannot be declared as ref or outCannot modify the return value of '%1!ls!' because it is not a variableThe managed coclass wrapper class '%1!ls!' for interface '%2!ls!' cannot be found (are you missing an assembly reference?)'%1!ls!' is ambiguous between '%2!ls!' and '%3!ls!'; use either '@%1!ls!' or '%1!ls!Attribute'Argument '%1!d!' should not be passed with the '%2!ls!' keywordOption '%1!ls!' overrides attribute '%2!ls!' given in a source file or added moduleInvalid option '%1!ls!' for /langversion; must be ISO-1 or DefaultCannot create delegate with '%1!ls!' because it has a Conditional attributeCannot create temporary file '%2!ls!' -- %1!ls!Argument '%1!d!' must be passed with the '%2!ls!' keywordThe yield statement cannot be used inside anonymous method blocksCannot return a value from an iterator. Use the yield return statement to return a value, or yield break to end the iteration.Iterators cannot have ref or out parametersThe body of '%1!ls!' cannot be an iterator block because '%2!ls!' is not an iterator interface typeCannot yield in the body of a finally clauseCannot yield a value in the body of a try block with a catch clauseExpression expected after yield returnCannot use ref or out parameter '%1!ls!' inside an anonymous method blockUnsafe code may not appear in iteratorsInvalid option '%1!ls!' for /errorreport; must be prompt, send, queue, or noneCannot yield a value in the body of a catch clauseControl cannot leave the body of an anonymous methodUnrecognized #pragma directiveExpected disable or restoreCannot restore warning 'CS%1!04d!' because it was disabled globally__arglist is not allowed in parameter list of iteratorsIterators cannot have unsafe parameters or yield types'%1!ls!' is a reserved identifier and cannot be used when ISO language version mode is usedThe managed coclass wrapper class signature '%1!ls!' for interface '%2!ls!' is not a valid class name signatureforeach statement cannot operate on variables of type '%1!ls!' because it implements multiple instantiations of '%2!ls!', try casting to a specific interface instantiationA fixed size buffer field must have the array size specifier after the field nameFixed size buffer fields may only be members of structsAnonymous method of type '%1!ls!': not all code paths return a valueFeature '%1!ls!' cannot be used because it is not part of the standardized ISO C# language specificationFeature '%1!ls!' is not part of the standardized ISO C# language specification, and may not be accepted by other compilersKeyword, identifier, or string expected after verbatim specifier: @An expression is too long or complex to compile near '%1!ls!'Members of readonly field '%1!ls!' cannot be modified (except in a constructor or a variable initializer)Members of readonly field '%1!ls!' cannot be passed ref or out (except in a constructor)Fields of static readonly field '%1!ls!' cannot be assigned to (except in a static constructor or a variable initializer)Fields of static readonly field '%1!ls!' cannot be passed ref or out (except in a static constructor)Cannot modify members of '%1!ls!' because it is read-onlyCannot pass fields of '%1!ls!' as a ref or out argument because it is read-onlyCannot modify members of '%1!ls!' because it is a '%2!ls!'Cannot pass fields of '%1!ls!' as a ref or out argument because it is a '%2!ls!'Cannot assign to '%1!ls!' because it is a '%2!ls!'Cannot pass '%1!ls!' as a ref or out argument because it is a '%2!ls!'%1!ls!. See also error CS%2!04d!.Cannot convert anonymous method block to type '%1!ls!' because it is not a delegate typeCannot convert anonymous method block to delegate type '%1!ls!' because the specified block's parameter types do not match the delegate parameter typesCannot convert anonymous method block to delegate type '%1!ls!' because some of the return types in the block are not implicitly convertible to the delegate return typeFixed size buffer type must be one of the following: bool, byte, short, int, long, char, sbyte, ushort, uint, ulong, float or doubleFixed size buffer of length '%1!d!' and type '%2!ls!' is too bigFixed size buffers must have a length greater than zeroYou cannot use fixed size buffers contained in unfixed expressions. Try using the fixed statement.Attribute '%1!ls!' is not valid on property or event accessors. It is valid on '%2!ls!' declarations only.Invalid search path '%1!ls!' specified in '%2!ls!' -- '%3!ls!'__arglist is not valid in this contextparams is not valid in this contextA namespace declaration cannot have modifiers or attributesInvalid option '%1!ls!' for /platform; must be anycpu, x86, Itanium or x64Anonymous methods inside structs cannot access instance members of 'this'. Consider copying 'this' to a local variable outside the anonymous method and using the local instead.'%1!ls!': type used in a using statement must be implicitly convertible to 'System.IDisposable'Enums cannot have type parametersParameter '%1!d!' must be declared with the '%2!ls!' keywordParameter '%1!d!' should not be declared with the '%2!ls!' keywordParameter '%1!d!' is declared as type '%2!ls!' but should be '%3!ls!'Invalid extern alias for '/reference'; '%1!ls!' is not a valid identifierInvalid reference alias option: '%1!ls!=' -- missing filenameYou cannot redefine the global extern aliasReference to type '%1!ls!' claims it is nested within '%2!ls!', but it could not be foundReference to type '%1!ls!' claims it is defined in this assembly, but it is not defined in source or any added modulesReference to type '%1!ls!' claims it is defined in '%2!ls!', but it could not be foundThe predefined type '%1!ls!' is defined in multiple assemblies in the global alias; using definition from '%2!ls!'Local '%1!ls!' or its members cannot have their address taken and be used inside an anonymous method blockSource file has exceeded the limit of 16,707,565 lines representable in the PDB, debug information will be incorrectCannot convert anonymous method block without a parameter list to delegate type '%1!ls!' because it has one or more out parametersAttribute '%1!ls!' is only valid on methods or attribute classesAccessing a member on '%1!ls!' may cause a runtime exception because it is a field of a marshal-by-reference classInvalid #pragma checksum syntax; should be #pragma checksum "filename" "{XXXXXXXX-XXXX-XXXX-XXXX-XXXXXXXXXXXX}" "XXXX..."Different checksum values given for '%1!ls!'Circular assembly reference '%1!ls!' does not match the output assembly name '%2!ls!'. Try adding a reference to '%1!ls!' or changing the output assembly name to match.Use command line option '/%1!ls!' or appropriate project settings instead of '%2!ls!'Assembly reference '%1!ls!' is invalid and cannot be resolvedAssuming assembly reference '%1!ls!' matches '%2!ls!', you may need to supply runtime policyAssuming assembly reference '%1!ls!' matches '%2!ls!', you may need to supply runtime policyAn assembly with the same identity '%1!ls!' has already been imported. Try removing one of the duplicate references.An assembly with the same simple name '%1!ls! has already been imported. Try removing one of the references or sign them to enable side-by-side.Assembly '%1!ls!' uses '%2!ls!' which has a higher version than referenced assembly '%3!ls!'Expression cannot contain anonymous methodsDelegate '%1!ls!' bound to '%2!ls!' instead of '%3!ls!' because of new language rulesFixed size buffers can only be accessed through locals or fieldsFilename specified for preprocessor directive is emptyXML comment on '%2!ls!' has a duplicate typeparam tag for '%1!ls!'XML comment on '%2!ls!' has a typeparam tag for '%1!ls!', but there is no type parameter by that nameType parameter '%1!ls!' has no matching typeparam tag in the XML comment on '%2!ls!' (but other type parameters do)Unexpected error building metadata name for type '%1!ls!' -- '%2!ls!'The base class or interface of '%1!ls!' could not be resolved or is invalid'%1!ls!': type must be '%3!ls!' to match overridden member '%2!ls!'Do not use 'System.Runtime.CompilerServices.FixedBuffer' attribute. Use the 'fixed' field modifier instead.Assignment made to same variable; did you mean to assign something else?Comparison made to same variable; did you mean to compare something else?Error reading Win32 resource file '%1!ls!' -- '%2!ls!'Expression will always cause a System.NullReferenceException because the default value of '%1!ls!' is nullClass '%1!ls!' cannot have multiple base classes: '%2!ls!' and '%3!ls!'Base class '%1!ls!' must come before any interfacesXML comment on '%2!ls!' has cref attribute '%1!ls!' that refers to a type parameterValue specified for the argument to 'System.Runtime.InteropServices.DefaultCharSetAttribute' is not validFriend assembly reference '%1!ls!' is invalid. InternalsVisibleTo declarations cannot have a version, culture, public key token, or processor architecture specified.Friend assembly reference '%1!ls!' is invalid. Strong-name signed assemblies must specify a public key in their InternalsVisibleTo declarations.Cannot send error report automatically without authorization. Please visit '%1!ls!' to authorize sending error report.Cannot bind delegate to '%1!ls!' because it is a member of 'System.Nullable<T>'Warning level must be in the range 0-4Invalid option '%1!ls!' for /debug; must be full or pdbonlyUnrecognized value '%1!ls!' provided for '/test' option'%1!ls!' is not a valid warning numberInvalid option '%1!ls!'; Resource visibility must be either 'public' or 'private'The type of the argument to the DefaultValue attribute must match the parameter typeThe DefaultValue attribute is not applicable on parameters of type '%1!ls!'Argument of type '%1!ls!' is not applicable for the DefaultValue attributeAccess to member '%1!ls!' through a 'base' keyword from an anonymous method or iterator results in unverifiable code. Consider moving the access into a helper method on the containing type.methodtypenamespacefieldpropertyelementvariableeventtype parameterusing aliasextern aliaschildparent or currentclassdelegateinterfacestructenumtypeMethods with variable arguments are not CLS-compliantArgument type '%1!ls!' is not CLS-compliantReturn type of '%1!ls!' is not CLS-compliantType of '%1!ls!' is not CLS-compliantMixed and decomposed Unicode characters are not CLS-compliantIdentifier '%1!ls!' differing only in case is not CLS-compliantOverloaded method '%1!ls!' differing only in ref or out, or in array rank, is not CLS-compliantOverloaded method '%1!ls!' differing only by unnamed array types is not CLS-compliantIdentifier '%1!ls!' is not CLS-compliant'%1!ls!': base type '%2!ls!' is not CLS-compliant'%1!ls!': CLS-compliant interfaces must have only CLS-compliant members'%1!ls!': only CLS-compliant members can be abstractYou must specify the CLSCompliant attribute on the assembly, not the module, to enable CLS compliance checkingAdded modules must be marked with the CLSCompliant attribute to match the assembly'%1!ls!' cannot be marked as CLS-compliant because the assembly does not have a CLSCompliant attribute'%1!ls!' has no accessible constructors which use only CLS-compliant typesArrays as attribute arguments is not CLS-compliantYou cannot specify the CLSCompliant attribute on a module that differs from the CLSCompliant attribute on the assembly'%1!ls!' cannot be marked as CLS-compliant because it is a member of non CLS-compliant type '%2!ls!'CLS compliance checking will not be performed on '%1!ls!' because it is not visible from outside this assembly.'%1!ls!' does not need a CLSCompliant attribute because the assembly does not have a CLSCompliant attributeCLSCompliant attribute has no meaning when applied to parameters. Try putting it on the method instead.CLSCompliant attribute has no meaning when applied to return types. Try putting it on the method instead.Constraint type '%1!ls!' is not CLS-compliantCLS-compliant field '%1!ls!' cannot be volatile'%1!ls!' is not CLS-compliant because base interface '%2!ls!' is not CLS-compliantError occurred during a readError occurred during a writeFile is read onlyAn ill-formed name was givenData value was truncatedOld version errorA shared memory open failed to open at the originally assigned memory addressCreate of shared memory failed. A memory mapping of the same name already exists.There isn't metadata in the memory or streamDatabase is read onlyThe importing scope is not compatible with the emitting scopeFile is corruptVersion of schema not foundCannot open a incrementally built scope for full updateUnknown compiler option '%1!ls!'Program '%1!ls!' does not contain a static 'Main' method suitable for an entry pointSet warning level (0-4)Report all warnings as errorsDefine conditional compilation symbol(s)Do not reference standard library (mscorlib.dll)Emit debugging informationEnable optimizationsReference metadata from the specified assembly filesReference metadata from the specified assembly file using the given aliasOnly check code for errors; do not emit executableOutput mini-profile (timings of important code sections)Enable incremental compilationLink the specified modules into this assemblyDisable specific warning messagesXML Documentation file to generateGenerate overflow checksAllow 'unsafe' codeReport specific warnings as errorsLimit which platforms this code can run on: x86, Itanium, x64, or anycpu. The default is anycpu.Name of the assembly which this module will be a part of.<error><null>(Location of symbol related to previous error)(Location of symbol related to previous warning)<!-- Badly formed XML comment ignored for member "%1!ls!" --><error><!-- Badly formed XML file "%1!ls!" cannot be included --></error> Failed to insert some or all of included XML  Include tag is invalid  No matching elements were found for the following include tag Missing file attributeMissing path attribute<global namespace><this assembly>Compiler initialization failed unexpectedly -- '%1!ls!'Source file '%1!ls!' could not be foundError opening response file '%1!ls!' -- '%2!ls!'Missing file specification for '%1!ls!' optionUnrecognized option: '%1!ls!'No inputs specifiedCommand-line syntax error: Missing ':<text>' for '%1!ls!' optionResponse file '%1!ls!' included multiple timesSource file '%1!ls!' specified multiple timesCannot open '%1!ls!' for writingInvalid image base number '%1!ls!'Compiler option '%1!ls!' is obsolete, please use '%2!ls!' instead'%1!ls!' is a binary file instead of a text fileCode page '%1!ls!' is invalid or not installedCannot specify /main if building a module or libraryInvalid target type for /target: must specify 'exe', 'winexe', 'library', or 'module'Only the first set of input files can build a target other than 'module'File name '%1!ls!' is too long or invalidOptions '/out' and '/target' must appear before source file namesIgnoring /noconfig option because it was specified in a response fileInvalid file section alignment number '%1!ls!'Must emit debug info with /sourcemap. Are you missing '/debug'?Sourcemap file '%1!ls!' is a binary file instead of a text fileInvalid value for '/define'; '%1!ls!' is not a valid identifierSourcemap file is invalid; there was an error on line %1!ls!Unable to open source map file '%1!ls!'Character '%1!lc!' is not allowed on the command-line or in response filesCannot create short filename '%1!ls!' when a long filename with the same short filename already existsA /reference option that declares an extern alias can only have one filename. To specify multiple aliases or filenames, use multiple /reference options.Command-line syntax error: Missing ':<number>' for '%1!ls!' optionMicrosoft (R) Shared Source CLI C# Compiler version for Microsoft (R) Shared Source CLI version Copyright (C) Microsoft Corporation. All rights reserved.The following two files are marked as incompatible:

	%1!ls!
	(Version %2!ls!)

	%3!ls!
	(Version %4!ls!)

The compiler cannot be used in this configuration. This is usually caused by installing different flavors of VS and NDP, and not specifying the VS version for the /CompilerSourcePath and /NonNdpSourcePath options when running NdpSetupThe %1!ls! compiler cannot be used with a %2!ls! IDE. This is usually caused by installing different flavors of VS and NDP, and not specifying the VS flavor for the /CompilerSourcePath and /NonNdpSourcePath options when running NdpSetup.Visual C# 2005 Compiler OptionsShort formBuild a module that can be added to another assemblyBuild a console executable (default)Build a Windows executableBuild a librarySpecify output file name (default: base name of file with main class or first file)Specify a Win32 resource file (.res)Use this icon for the outputEmbed the specified resourceLink the specified resource to this assemblyRead response file for more optionsInclude all files in the current directory and subdirectories according to the wildcard specificationsDisplay this usage messageSuppress compiler copyright messageCreate a 'Bug Report' file.Specify the codepage to use when opening source filesSpecify the type that contains the entry point (ignore all other possible entry points)Base address for the library to be builtCompiler generates fully qualified pathsSpecify debugging type ('full' is default, and enables attaching a debugger to a running program)Do not auto include CSC.RSP fileSpecify additional directories to search in for referencesSpecify the alignment used for output file sectionsOutput compiler messages in UTF-8 encodingDelay-sign the assembly using only the public portion of the strong name keySpecify a strong name key fileSpecify a strong name key containerSpecify language version mode: ISO-1 or DefaultSpecify how to handle internal compiler errors: prompt, send, queue, or none. The default is queue.Specify debug information file name (default: output file name with .pdb extension)### Visual C# 2005 Compiler Defect Report, created %s### Compiler version: %s### Operating System: %s %d.%d.%d   %s### Compiler command line### Source file: '%s'### Compiler output### User description### User suggested correct behavior### .NET common language runtime version: %s### Binary file: '%ws'### Console and Defect Report Code Page: %dA file is being created with information needed to reproduce your compiler problem. This information includes software versions, the pathnames and contents of source code files, referenced assemblies and modules, compiler options, compiler output, and any additional information you provide in the following prompts. This file will not include the contents of any keyfiles.Please describe the compiler problem (press Enter twice to finish):Describe what you think should have happened (press Enter twice to finish):- OUTPUT FILES -- INPUT FILES -- RESOURCES -- CODE GENERATION -- ERRORS AND WARNINGS -- LANGUAGE -- MISCELLANEOUS -- ADVANCED -<file list><file><symbol list><wildcard><type><resinfo><warn list><address><n>{full|pdbonly}<string><alias>=<file>genericsanonymous methodsmodule as an attribute target specifiernamespace alias qualifierfixed size buffers#pragmaforeach iteration variableusing variablefixed variableMicrosoft (R) Visual C# 2005 CompilerNo information has been lost. Please check the compiler output for possible ways to avoid this error.static classespartial typesmethod groupanonymous methodLIB environment variable/LIB optionswitch on boolean typeWarning as Error: %1!ls!collectionThe Microsoft (R) Visual C# 2005 Compiler has encountered an internal error. We are sorry for the inconvenience.access modifiers on propertiesextern aliasiteratorsdefault operatorWhere the resinfo format is <file>[,<string name>[,public|private]]nullable types      $    1    I               	 -   c      @   ~            ?   g            ?   ~         A   v        " 
  # R  $   %   &   ' F  (   )   *   + Q  2   3   4 T	  5 	  6 
  7 g
  8 
  9   : z  ;   < 1  =   A   B %  C O  D o  E   F   G T  H   I   J   K *  L m  M   N   O @  P   Q   d   e    f a  g   h   i   j Z  k   l   m    n W  o   p   q F  r   s (  t V  u   v   w   x A  y   z   { "  ~ T         %   p         I   y   3            c            @   w               8         $   U         <   g                U                !   S!   !   ?"   n"   "   	#   `#   #   #   #   E$   $   $   %   *%   s%   %   A&   &   &   '   ='   '   -(   (   (   ()   )   )   )   6*   *   *   $+   S+   +   ,   K,   ,   ,   n-   -   -   3.   .   .    /   j/   /   /   0   N0   0   51   1    2   72   2   2   2   3   b3   3   3   s4   4   4   5   m5   5   &6   6   6  7  f7  7  #8  l8  8  	9  
h9  9  -:  }:  :  ;  p;  ;  J<  <  <  q=  =  >  o>  >  e?  @  0E@  1@  2@  3A  4UA  5A  6B  B  C  WC  C  D  =D  vD  D  D  E  E  EF  F  ,G  nG  G  H  ^H  H  I  `I  I  I  'J  J  1K  K  K  K  VL  nL  L  L  aM  M  9N  N  N  FO  xO  O  O  P  MP  P  P  BQ  Q  Q  $R  R  !S  _S  S  T  zT  T  T  |U  U  7V  sV  V  'W  uW  W  W  gX  X  XY  Y  Y  Z  <Z  iZ  Z  [  k[  [  [  ,\  \  \  \  ']  Z]  
]  ]  
^  3^  S^  y^  ^  ^  *_  ^_  _  _  `  }`  `  a  La  a  a  b   \b  !b  "b  #@c  $sc  %c  &c  ')d  (pd  )d  *d  +e  ,~e  -e  .e  /3f  2wf  3f  4f  7g  8g  9g  :-h  ;Vh  <h  =h  >i  ??i  @gi  Ai  B9j  Cj  Fj  Gj  Hl  Il  Jl  Km  L/m  MSm  Nym  Om  Pm  R6n  Tsn  Wn  Yn  Z9o  azo  bo  co  dp  h%p  iGp  jq  l#q  mAq  nxq  oq  qKr  rr  t]s  us  ws  yt  zUt  {t  |u  }u  u  v  6v  av  v  v  v  w  Mw  w  gx  x  y  dy  y  ?z  z  z  K{  {  |  T|  |  1}  b}  }  (~  C~  ~  ~  ;        `      V      ]    T        5      <  l      i      X          x        F          L  {        <        H  [  e            2  I  q            6  Z           0  [  e  ~          	  
J              ^           !$  "]    2  z         c        K  U  _  l        A  R  d  }      '  l         X         n      S  	  
        %  N        E        A        3  a      !  "1  #i  $  %  &i  '  (  )(  *L  +  ,  -L  /}  0  1  21  4i  5  6  7  8C  9  :  ;  >  ?  @  A  D  EM  F  G  H  I  JV  K  L  M$  N  O  P;  Q  R  S  TJ  U  V  WB  Xm  Y  Z  [?  \e  ]  ^  _#  `U  a  b  c  d  e<  fr  g  h<  i  j8  ko  l  m  n  o  p  q~  r  sO  t  u  v<  wv  x  y  z>  |_  }  ~N    z      S      !  D      y      5  w      B  m    <      n    d          c      Q    !      8        E      b      [      "        Y    g    m  l  n  o  pT  rz  t  u  vj  w  q  w  {                  4  5                 9  d        1        >      '  y    )  [    5      v      ;                i        8  G  b      @  A$  BA  Ci  D  E  F  G  LD  Mv  O  P  R  W  X<  YT  Zg  [  \  '"  ')  '/  ']  '  '  '  'A  'Y  '  '  '  '  .  .  .C  .s  .  .  .  .  .?  .l  .  .  .  .  .M  .  .  .  .G  .  .  .  .:  /y  /  /  /  /e  /  /c  E/  F/  G/  v/>  w/  /  /  /  /  /	  /#  /2  /  /  /  /  /  /0  /  /  /  /  /#  /z  /  /  /+  /K  /  /  /  /.  /L  /o  /  /  0T  0  0  0  0  0  0  0  0?  0k  0  40  >0!  ?0d  p0  q0  r0  s0  t0  u0  v0  w0"  0.  09  0?  0L  0V  0\  0e  0p  0y  0|  0  0  0  0  0  0  0  0  0  0,  0:  0H  0m  0  0  0  0  0	  0!  0,  0B  0Z  0d  0  0  0  0  0  0Z  h  